Using pre-set license
Built from '2021.1/release' branch; Version is '2021.1.1f1 (6fdc41dfa55a) revision 7330881'; Using compiler version '192528614'; Build Type 'Release'
OS: 'Windows 10 Enterprise; OS build 18363.1621; Version 1909; 64bit' Language: 'tr' Physical Memory: 8080 MB
BatchMode: 1, IsHumanControllingUs: 0, StartBugReporterOnCrash: 0, Is64bit: 1, IsPro: 0

 COMMAND LINE ARGUMENTS:
C:\Program Files\Unity\Hub\Editor\2021.1.1f1\Editor\Unity.exe
-adb2
-batchMode
-noUpm
-name
AssetImportWorker0
-projectPath
D:/Unity/Roller Splat Clone
-logFile
Logs/AssetImportWorker0.log
-srvPort
51122
Successfully changed project path to: D:/Unity/Roller Splat Clone
D:/Unity/Roller Splat Clone
Using Asset Import Pipeline V2.
Refreshing native plugins compatible for Editor in 92.86 ms, found 1 plugins.
Preloading 0 native plugins for Editor in 0.00 ms.
Initialize engine version: 2021.1.1f1 (6fdc41dfa55a)
[Subsystems] Discovering subsystems at path C:/Program Files/Unity/Hub/Editor/2021.1.1f1/Editor/Data/Resources/UnitySubsystems
[Subsystems] Discovering subsystems at path D:/Unity/Roller Splat Clone/Assets
GfxDevice: creating device client; threaded=0; jobified=0
Direct3D:
    Version:  Direct3D 11.0 [level 11.1]
    Renderer: NVIDIA GeForce MX150 (ID=0x1d10)
    Vendor:   NVIDIA
    VRAM:     1983 MB
    Driver:   30.0.14.7111
Initialize mono
Mono path[0] = 'C:/Program Files/Unity/Hub/Editor/2021.1.1f1/Editor/Data/Managed'
Mono path[1] = 'C:/Program Files/Unity/Hub/Editor/2021.1.1f1/Editor/Data/MonoBleedingEdge/lib/mono/unityjit'
Mono config path = 'C:/Program Files/Unity/Hub/Editor/2021.1.1f1/Editor/Data/MonoBleedingEdge/etc'
Using monoOptions --debugger-agent=transport=dt_socket,embedding=1,server=y,suspend=n,address=127.0.0.1:56668
Begin MonoManager ReloadAssembly
Registering precompiled unity dll's ...
Register platform support module: C:/Program Files/Unity/Hub/Editor/2021.1.1f1/Editor/Data/PlaybackEngines/WindowsStandaloneSupport/UnityEditor.WindowsStandalone.Extensions.dll
Registered in 0.001209 seconds.
Native extension for WindowsStandalone target not found
Refreshing native plugins compatible for Editor in 85.10 ms, found 1 plugins.
Preloading 0 native plugins for Editor in 0.00 ms.
Mono: successfully reloaded assembly
- Completed reload, in  1.888 seconds
Platform modules already initialized, skipping
Registering precompiled user dll's ...
Registered in 0.003314 seconds.
Begin MonoManager ReloadAssembly
Native extension for WindowsStandalone target not found
Refreshing native plugins compatible for Editor in 0.53 ms, found 1 plugins.
Preloading 0 native plugins for Editor in 0.00 ms.
Mono: successfully reloaded assembly
- Completed reload, in  1.128 seconds
Platform modules already initialized, skipping
========================================================================
Worker process is ready to serve import requests
Launched and connected shader compiler UnityShaderCompiler.exe after 0.05 seconds
Refreshing native plugins compatible for Editor in 0.85 ms, found 1 plugins.
Preloading 0 native plugins for Editor in 0.00 ms.
Unloading 2667 Unused Serialized files (Serialized files now loaded: 0)
System memory in use before: 98.2 MB.
System memory in use after: 98.3 MB.

Unloading 15 unused Assets to reduce memory usage. Loaded Objects now: 3118.
Total: 3.627900 ms (FindLiveObjects: 0.482200 ms CreateObjectMapping: 0.372400 ms MarkObjects: 2.658500 ms  DeleteObjects: 0.112700 ms)

========================================================================
Received Import Request.
  path: Assets/Scripts/groundPiece.cs
  artifactKey: Guid(30ffc5a95823699439176334cf0c450f) Importer(815301076,1909f56bfc062723c751e8b465ee728b)
Start importing Assets/Scripts/groundPiece.cs using Guid(30ffc5a95823699439176334cf0c450f) Importer(815301076,1909f56bfc062723c751e8b465ee728b)  -> (artifact id: '006847dfb60483b0049bdc3c69f65428') in 0.026769 seconds 
========================================================================
Received Prepare
Registering precompiled user dll's ...
Registered in 0.002822 seconds.
Begin MonoManager ReloadAssembly
Native extension for WindowsStandalone target not found
Refreshing native plugins compatible for Editor in 0.56 ms, found 1 plugins.
Preloading 0 native plugins for Editor in 0.00 ms.
Mono: successfully reloaded assembly
- Completed reload, in  1.089 seconds
Platform modules already initialized, skipping
Switching build target platform(19) subTarget(0) extendedPlatform(0) -> platform(13) subTarget(537395200) extendedPlatform(0)
Refreshing native plugins compatible for Editor in 0.69 ms, found 1 plugins.
Preloading 0 native plugins for Editor in 0.00 ms.
Unloading 2665 Unused Serialized files (Serialized files now loaded: 0)
System memory in use before: 98.2 MB.
System memory in use after: 98.4 MB.

Unloading 10 unused Assets to reduce memory usage. Loaded Objects now: 3121.
Total: 2.796500 ms (FindLiveObjects: 0.420700 ms CreateObjectMapping: 0.182000 ms MarkObjects: 2.093400 ms  DeleteObjects: 0.098100 ms)

AssetImportParameters requested are different than current active one (requested -> active):
  custom:graphics/normal-map-encoding: 01000000000000000000000000000000 -> 02000000000000000000000000000000
========================================================================
Received Prepare
Registering precompiled user dll's ...
Registered in 0.003217 seconds.
Begin MonoManager ReloadAssembly
Native extension for WindowsStandalone target not found
Refreshing native plugins compatible for Editor in 0.62 ms, found 1 plugins.
Preloading 0 native plugins for Editor in 0.00 ms.
Mono: successfully reloaded assembly
- Completed reload, in  1.335 seconds
Platform modules already initialized, skipping
Switching build target platform(19) subTarget(0) extendedPlatform(0) -> platform(13) subTarget(537395200) extendedPlatform(0)
Refreshing native plugins compatible for Editor in 0.79 ms, found 1 plugins.
Preloading 0 native plugins for Editor in 0.00 ms.
Unloading 2665 Unused Serialized files (Serialized files now loaded: 0)
System memory in use before: 98.2 MB.
System memory in use after: 98.4 MB.

Unloading 10 unused Assets to reduce memory usage. Loaded Objects now: 3124.
Total: 3.526500 ms (FindLiveObjects: 0.444900 ms CreateObjectMapping: 0.251200 ms MarkObjects: 2.738700 ms  DeleteObjects: 0.089200 ms)

AssetImportParameters requested are different than current active one (requested -> active):
  custom:graphics/normal-map-encoding: 01000000000000000000000000000000 -> 02000000000000000000000000000000
========================================================================
Received Import Request.
  Time since last request: 3098.991734 seconds.
  path: Assets/Scripts/New Lighting Settings.lighting
  artifactKey: Guid(a0cf4f722deb7b44f949a0e96ee70655) Importer(815301076,1909f56bfc062723c751e8b465ee728b)
Start importing Assets/Scripts/New Lighting Settings.lighting using Guid(a0cf4f722deb7b44f949a0e96ee70655) Importer(815301076,1909f56bfc062723c751e8b465ee728b)  -> (artifact id: '0e9cce9acda923fe50ed994e4686a83d') in 0.029497 seconds 
========================================================================
Received Prepare
Registering precompiled user dll's ...
Registered in 0.003978 seconds.
Begin MonoManager ReloadAssembly
Native extension for WindowsStandalone target not found
Refreshing native plugins compatible for Editor in 0.60 ms, found 1 plugins.
Preloading 0 native plugins for Editor in 0.00 ms.
Mono: successfully reloaded assembly
- Completed reload, in  1.422 seconds
Platform modules already initialized, skipping
Switching build target platform(19) subTarget(0) extendedPlatform(0) -> platform(13) subTarget(537395200) extendedPlatform(0)
Refreshing native plugins compatible for Editor in 0.69 ms, found 1 plugins.
Preloading 0 native plugins for Editor in 0.00 ms.
Unloading 2665 Unused Serialized files (Serialized files now loaded: 0)
System memory in use before: 98.3 MB.
System memory in use after: 98.5 MB.

Unloading 10 unused Assets to reduce memory usage. Loaded Objects now: 3127.
Total: 2.699400 ms (FindLiveObjects: 0.355100 ms CreateObjectMapping: 0.182400 ms MarkObjects: 2.096800 ms  DeleteObjects: 0.062800 ms)

AssetImportParameters requested are different than current active one (requested -> active):
  custom:graphics/normal-map-encoding: 01000000000000000000000000000000 -> 02000000000000000000000000000000
========================================================================
Received Import Request.
  Time since last request: 857.533568 seconds.
  path: Assets/Scenes/level1
  artifactKey: Guid(b7ec05f5c9b80f648848534fbce35322) Importer(815301076,1909f56bfc062723c751e8b465ee728b)
Start importing Assets/Scenes/level1 using Guid(b7ec05f5c9b80f648848534fbce35322) Importer(815301076,1909f56bfc062723c751e8b465ee728b)  -> (artifact id: '36086ae47dfa1a7f7b0b32c25c5b022b') in 0.009487 seconds 
========================================================================
Received Import Request.
  Time since last request: 0.180204 seconds.
  path: Assets/Scenes/level1/LightingData.asset
  artifactKey: Guid(f9c01ec249398d64aa588153f7467b86) Importer(815301076,1909f56bfc062723c751e8b465ee728b)
Start importing Assets/Scenes/level1/LightingData.asset using Guid(f9c01ec249398d64aa588153f7467b86) Importer(815301076,1909f56bfc062723c751e8b465ee728b)  -> (artifact id: 'aebac40dab1c2e35a250eed3013ade8f') in 0.013325 seconds 
========================================================================
Received Import Request.
  Time since last request: 0.000375 seconds.
  path: Assets/Scenes/level1/ReflectionProbe-0.exr
  artifactKey: Guid(bf20010bfd5990b48951b0a06ac917f2) Importer(815301076,1909f56bfc062723c751e8b465ee728b)
Start importing Assets/Scenes/level1/ReflectionProbe-0.exr using Guid(bf20010bfd5990b48951b0a06ac917f2) Importer(815301076,1909f56bfc062723c751e8b465ee728b)  -> (artifact id: '270574a75fe7c8ff3f252ecc24e847f8') in 0.159034 seconds 
========================================================================
Received Import Request.
  Time since last request: 237.951646 seconds.
  path: Assets/Materials/groundPieceMat.mat
  artifactKey: Guid(fdf9d8326154f4f46b24c15b180b5a6e) Importer(815301076,1909f56bfc062723c751e8b465ee728b)
Start importing Assets/Materials/groundPieceMat.mat using Guid(fdf9d8326154f4f46b24c15b180b5a6e) Importer(815301076,1909f56bfc062723c751e8b465ee728b)  -> (artifact id: 'c846d3ec782b46ce82cb7c963fd5c263') in 0.104578 seconds 
========================================================================
Received Import Request.
  Time since last request: 35.345330 seconds.
  path: Assets/Prefabs/GroundPiecePrefab.prefab
  artifactKey: Guid(1b86f919ba004a74d95d208532ad7936) Importer(815301076,1909f56bfc062723c751e8b465ee728b)
Start importing Assets/Prefabs/GroundPiecePrefab.prefab using Guid(1b86f919ba004a74d95d208532ad7936) Importer(815301076,1909f56bfc062723c751e8b465ee728b)  -> (artifact id: '8365d78a636b1c437d4375a1a5c4c509') in 0.041160 seconds 
========================================================================
Received Import Request.
  Time since last request: 0.000356 seconds.
  path: Assets/Prefabs/WallPiece (4).prefab
  artifactKey: Guid(75cccbd2b5dcc5c45b8fdafc2d948c03) Importer(815301076,1909f56bfc062723c751e8b465ee728b)
Start importing Assets/Prefabs/WallPiece (4).prefab using Guid(75cccbd2b5dcc5c45b8fdafc2d948c03) Importer(815301076,1909f56bfc062723c751e8b465ee728b)  -> (artifact id: '030b140fa4954b4346cf9dfdc0b8a89d') in 0.014066 seconds 
========================================================================
Received Import Request.
  Time since last request: 831.966565 seconds.
  path: Assets/Scripts/gameManager.cs
  artifactKey: Guid(4ef40d51e27cc094b8ac51bd477dc9cc) Importer(815301076,1909f56bfc062723c751e8b465ee728b)
Start importing Assets/Scripts/gameManager.cs using Guid(4ef40d51e27cc094b8ac51bd477dc9cc) Importer(815301076,1909f56bfc062723c751e8b465ee728b)  -> (artifact id: 'd629c4e4af5ba71dc2a49e59f4171fa2') in 0.004134 seconds 
========================================================================
Received Prepare
Registering precompiled user dll's ...
Registered in 0.004474 seconds.
Begin MonoManager ReloadAssembly
Native extension for WindowsStandalone target not found
Refreshing native plugins compatible for Editor in 0.79 ms, found 1 plugins.
Preloading 0 native plugins for Editor in 0.00 ms.
Mono: successfully reloaded assembly
- Completed reload, in  1.937 seconds
Platform modules already initialized, skipping
Switching build target platform(19) subTarget(0) extendedPlatform(0) -> platform(13) subTarget(537395200) extendedPlatform(0)
Refreshing native plugins compatible for Editor in 0.91 ms, found 1 plugins.
Preloading 0 native plugins for Editor in 0.00 ms.
Unloading 2666 Unused Serialized files (Serialized files now loaded: 0)
System memory in use before: 102.6 MB.
System memory in use after: 102.8 MB.

Unloading 11 unused Assets to reduce memory usage. Loaded Objects now: 3188.
Total: 5.432800 ms (FindLiveObjects: 0.450100 ms CreateObjectMapping: 0.279000 ms MarkObjects: 4.611400 ms  DeleteObjects: 0.090600 ms)

AssetImportParameters requested are different than current active one (requested -> active):
  custom:graphics/normal-map-encoding: 01000000000000000000000000000000 -> 02000000000000000000000000000000
========================================================================
Received Prepare
Registering precompiled user dll's ...
Registered in 0.004564 seconds.
Begin MonoManager ReloadAssembly
Native extension for WindowsStandalone target not found
Refreshing native plugins compatible for Editor in 0.76 ms, found 1 plugins.
Preloading 0 native plugins for Editor in 0.00 ms.
Mono: successfully reloaded assembly
- Completed reload, in  1.754 seconds
Platform modules already initialized, skipping
Switching build target platform(19) subTarget(0) extendedPlatform(0) -> platform(13) subTarget(537395200) extendedPlatform(0)
Refreshing native plugins compatible for Editor in 0.94 ms, found 1 plugins.
Preloading 0 native plugins for Editor in 0.00 ms.
Unloading 2666 Unused Serialized files (Serialized files now loaded: 0)
System memory in use before: 102.6 MB.
System memory in use after: 102.8 MB.

Unloading 10 unused Assets to reduce memory usage. Loaded Objects now: 3191.
Total: 4.716800 ms (FindLiveObjects: 0.515500 ms CreateObjectMapping: 0.360600 ms MarkObjects: 3.753200 ms  DeleteObjects: 0.085600 ms)

AssetImportParameters requested are different than current active one (requested -> active):
  custom:graphics/normal-map-encoding: 01000000000000000000000000000000 -> 02000000000000000000000000000000
========================================================================
Received Import Request.
  Time since last request: 451.681331 seconds.
  path: Assets/Scripts/gameManager.cs
  artifactKey: Guid(4ef40d51e27cc094b8ac51bd477dc9cc) Importer(815301076,1909f56bfc062723c751e8b465ee728b)
Start importing Assets/Scripts/gameManager.cs using Guid(4ef40d51e27cc094b8ac51bd477dc9cc) Importer(815301076,1909f56bfc062723c751e8b465ee728b)  -> (artifact id: '4cae898560b61f6124fc16b96b28b70f') in 0.009560 seconds 
========================================================================
Received Import Request.
  Time since last request: 8.015134 seconds.
  path: Assets/Scripts/ballController.cs
  artifactKey: Guid(7896cd6e5b3ca664eaf3736bc2fbb8fb) Importer(815301076,1909f56bfc062723c751e8b465ee728b)
Start importing Assets/Scripts/ballController.cs using Guid(7896cd6e5b3ca664eaf3736bc2fbb8fb) Importer(815301076,1909f56bfc062723c751e8b465ee728b)  -> (artifact id: 'ce558cbe1255e7cbf8ebe189b7f16980') in 0.002400 seconds 
========================================================================
Received Prepare
Registering precompiled user dll's ...
Registered in 0.006124 seconds.
Begin MonoManager ReloadAssembly
Native extension for WindowsStandalone target not found
Refreshing native plugins compatible for Editor in 0.69 ms, found 1 plugins.
Preloading 0 native plugins for Editor in 0.00 ms.
Mono: successfully reloaded assembly
- Completed reload, in  1.704 seconds
Platform modules already initialized, skipping
Switching build target platform(19) subTarget(0) extendedPlatform(0) -> platform(13) subTarget(537395200) extendedPlatform(0)
Refreshing native plugins compatible for Editor in 1.09 ms, found 1 plugins.
Preloading 0 native plugins for Editor in 0.00 ms.
Unloading 2667 Unused Serialized files (Serialized files now loaded: 0)
System memory in use before: 102.6 MB.
System memory in use after: 102.8 MB.

Unloading 10 unused Assets to reduce memory usage. Loaded Objects now: 3195.
Total: 3.685600 ms (FindLiveObjects: 0.348300 ms CreateObjectMapping: 0.236300 ms MarkObjects: 3.027800 ms  DeleteObjects: 0.071800 ms)

AssetImportParameters requested are different than current active one (requested -> active):
  custom:graphics/normal-map-encoding: 01000000000000000000000000000000 -> 02000000000000000000000000000000
========================================================================
Received Prepare
Registering precompiled user dll's ...
Registered in 0.004426 seconds.
Begin MonoManager ReloadAssembly
Native extension for WindowsStandalone target not found
Refreshing native plugins compatible for Editor in 1.13 ms, found 1 plugins.
Preloading 0 native plugins for Editor in 0.00 ms.
Mono: successfully reloaded assembly
- Completed reload, in  1.721 seconds
Platform modules already initialized, skipping
Switching build target platform(19) subTarget(0) extendedPlatform(0) -> platform(13) subTarget(537395200) extendedPlatform(0)
Refreshing native plugins compatible for Editor in 0.78 ms, found 1 plugins.
Preloading 0 native plugins for Editor in 0.00 ms.
Unloading 2667 Unused Serialized files (Serialized files now loaded: 0)
System memory in use before: 102.6 MB.
System memory in use after: 102.8 MB.

Unloading 10 unused Assets to reduce memory usage. Loaded Objects now: 3198.
Total: 4.539100 ms (FindLiveObjects: 0.354800 ms CreateObjectMapping: 0.289500 ms MarkObjects: 3.806100 ms  DeleteObjects: 0.086400 ms)

AssetImportParameters requested are different than current active one (requested -> active):
  custom:graphics/normal-map-encoding: 01000000000000000000000000000000 -> 02000000000000000000000000000000
========================================================================
Received Import Request.
  Time since last request: 538.203571 seconds.
  path: Assets/Scripts/ballController.cs
  artifactKey: Guid(7896cd6e5b3ca664eaf3736bc2fbb8fb) Importer(815301076,1909f56bfc062723c751e8b465ee728b)
Start importing Assets/Scripts/ballController.cs using Guid(7896cd6e5b3ca664eaf3736bc2fbb8fb) Importer(815301076,1909f56bfc062723c751e8b465ee728b)  -> (artifact id: '4b34de9018568a25b7382d4ce318cbc4') in 0.010295 seconds 
========================================================================
Received Prepare
Registering precompiled user dll's ...
Registered in 0.004892 seconds.
Begin MonoManager ReloadAssembly
Native extension for WindowsStandalone target not found
Refreshing native plugins compatible for Editor in 0.65 ms, found 1 plugins.
Preloading 0 native plugins for Editor in 0.00 ms.
Mono: successfully reloaded assembly
- Completed reload, in  1.603 seconds
Platform modules already initialized, skipping
Switching build target platform(19) subTarget(0) extendedPlatform(0) -> platform(13) subTarget(537395200) extendedPlatform(0)
Refreshing native plugins compatible for Editor in 0.70 ms, found 1 plugins.
Preloading 0 native plugins for Editor in 0.00 ms.
Unloading 2667 Unused Serialized files (Serialized files now loaded: 0)
System memory in use before: 102.7 MB.
System memory in use after: 102.9 MB.

Unloading 10 unused Assets to reduce memory usage. Loaded Objects now: 3201.
Total: 3.236900 ms (FindLiveObjects: 0.341300 ms CreateObjectMapping: 0.202000 ms MarkObjects: 2.632300 ms  DeleteObjects: 0.060300 ms)

AssetImportParameters requested are different than current active one (requested -> active):
  custom:graphics/normal-map-encoding: 01000000000000000000000000000000 -> 02000000000000000000000000000000
========================================================================
Received Prepare
Registering precompiled user dll's ...
Registered in 0.006152 seconds.
Begin MonoManager ReloadAssembly
Native extension for WindowsStandalone target not found
Refreshing native plugins compatible for Editor in 1.04 ms, found 1 plugins.
Preloading 0 native plugins for Editor in 0.00 ms.
Mono: successfully reloaded assembly
- Completed reload, in  2.972 seconds
Platform modules already initialized, skipping
Switching build target platform(19) subTarget(0) extendedPlatform(0) -> platform(13) subTarget(537395200) extendedPlatform(0)
Refreshing native plugins compatible for Editor in 0.95 ms, found 1 plugins.
Preloading 0 native plugins for Editor in 0.00 ms.
Unloading 2667 Unused Serialized files (Serialized files now loaded: 0)
System memory in use before: 102.7 MB.
System memory in use after: 102.9 MB.

Unloading 10 unused Assets to reduce memory usage. Loaded Objects now: 3204.
Total: 4.314000 ms (FindLiveObjects: 0.439900 ms CreateObjectMapping: 0.357900 ms MarkObjects: 3.438900 ms  DeleteObjects: 0.075200 ms)

AssetImportParameters requested are different than current active one (requested -> active):
  custom:graphics/normal-map-encoding: 01000000000000000000000000000000 -> 02000000000000000000000000000000
========================================================================
Received Prepare
Registering precompiled user dll's ...
Registered in 0.006915 seconds.
Begin MonoManager ReloadAssembly
Native extension for WindowsStandalone target not found
Refreshing native plugins compatible for Editor in 0.68 ms, found 1 plugins.
Preloading 0 native plugins for Editor in 0.00 ms.
Mono: successfully reloaded assembly
- Completed reload, in  2.008 seconds
Platform modules already initialized, skipping
Switching build target platform(19) subTarget(0) extendedPlatform(0) -> platform(13) subTarget(537395200) extendedPlatform(0)
Refreshing native plugins compatible for Editor in 0.86 ms, found 1 plugins.
Preloading 0 native plugins for Editor in 0.00 ms.
Unloading 2667 Unused Serialized files (Serialized files now loaded: 0)
System memory in use before: 102.7 MB.
System memory in use after: 102.9 MB.

Unloading 10 unused Assets to reduce memory usage. Loaded Objects now: 3207.
Total: 4.927100 ms (FindLiveObjects: 0.549700 ms CreateObjectMapping: 0.544000 ms MarkObjects: 3.702400 ms  DeleteObjects: 0.129000 ms)

AssetImportParameters requested are different than current active one (requested -> active):
  custom:graphics/normal-map-encoding: 01000000000000000000000000000000 -> 02000000000000000000000000000000
========================================================================
Received Prepare
Registering precompiled user dll's ...
Registered in 0.006611 seconds.
Begin MonoManager ReloadAssembly
Native extension for WindowsStandalone target not found
Refreshing native plugins compatible for Editor in 0.83 ms, found 1 plugins.
Preloading 0 native plugins for Editor in 0.00 ms.
Mono: successfully reloaded assembly
- Completed reload, in  2.202 seconds
Platform modules already initialized, skipping
Switching build target platform(19) subTarget(0) extendedPlatform(0) -> platform(13) subTarget(537395200) extendedPlatform(0)
Refreshing native plugins compatible for Editor in 0.83 ms, found 1 plugins.
Preloading 0 native plugins for Editor in 0.00 ms.
Unloading 2667 Unused Serialized files (Serialized files now loaded: 0)
System memory in use before: 102.7 MB.
System memory in use after: 102.9 MB.

Unloading 10 unused Assets to reduce memory usage. Loaded Objects now: 3210.
Total: 3.582200 ms (FindLiveObjects: 0.361700 ms CreateObjectMapping: 0.252900 ms MarkObjects: 2.892000 ms  DeleteObjects: 0.074500 ms)

AssetImportParameters requested are different than current active one (requested -> active):
  custom:graphics/normal-map-encoding: 01000000000000000000000000000000 -> 02000000000000000000000000000000
========================================================================
Received Prepare
Registering precompiled user dll's ...
Registered in 0.005514 seconds.
Begin MonoManager ReloadAssembly
Native extension for WindowsStandalone target not found
Refreshing native plugins compatible for Editor in 1.41 ms, found 1 plugins.
Preloading 0 native plugins for Editor in 0.00 ms.
Mono: successfully reloaded assembly
- Completed reload, in  2.032 seconds
Platform modules already initialized, skipping
Switching build target platform(19) subTarget(0) extendedPlatform(0) -> platform(13) subTarget(537395200) extendedPlatform(0)
Refreshing native plugins compatible for Editor in 0.83 ms, found 1 plugins.
Preloading 0 native plugins for Editor in 0.00 ms.
Unloading 2667 Unused Serialized files (Serialized files now loaded: 0)
System memory in use before: 102.7 MB.
System memory in use after: 102.9 MB.

Unloading 10 unused Assets to reduce memory usage. Loaded Objects now: 3213.
Total: 3.318000 ms (FindLiveObjects: 0.363100 ms CreateObjectMapping: 0.298600 ms MarkObjects: 2.583800 ms  DeleteObjects: 0.070900 ms)

AssetImportParameters requested are different than current active one (requested -> active):
  custom:graphics/normal-map-encoding: 01000000000000000000000000000000 -> 02000000000000000000000000000000
========================================================================
Received Prepare
Registering precompiled user dll's ...
Registered in 0.003939 seconds.
Begin MonoManager ReloadAssembly
Native extension for WindowsStandalone target not found
Refreshing native plugins compatible for Editor in 0.75 ms, found 1 plugins.
Preloading 0 native plugins for Editor in 0.00 ms.
Mono: successfully reloaded assembly
- Completed reload, in  1.761 seconds
Platform modules already initialized, skipping
Switching build target platform(19) subTarget(0) extendedPlatform(0) -> platform(13) subTarget(537395200) extendedPlatform(0)
Refreshing native plugins compatible for Editor in 0.73 ms, found 1 plugins.
Preloading 0 native plugins for Editor in 0.00 ms.
Unloading 2667 Unused Serialized files (Serialized files now loaded: 0)
System memory in use before: 102.7 MB.
System memory in use after: 102.9 MB.

Unloading 10 unused Assets to reduce memory usage. Loaded Objects now: 3216.
Total: 3.527500 ms (FindLiveObjects: 0.363400 ms CreateObjectMapping: 0.231600 ms MarkObjects: 2.856400 ms  DeleteObjects: 0.074400 ms)

AssetImportParameters requested are different than current active one (requested -> active):
  custom:graphics/normal-map-encoding: 01000000000000000000000000000000 -> 02000000000000000000000000000000
========================================================================
Received Prepare
Registering precompiled user dll's ...
Registered in 0.005576 seconds.
Begin MonoManager ReloadAssembly
Native extension for WindowsStandalone target not found
Refreshing native plugins compatible for Editor in 0.66 ms, found 1 plugins.
Preloading 0 native plugins for Editor in 0.00 ms.
Mono: successfully reloaded assembly
- Completed reload, in  1.711 seconds
Platform modules already initialized, skipping
Switching build target platform(19) subTarget(0) extendedPlatform(0) -> platform(13) subTarget(537395200) extendedPlatform(0)
Refreshing native plugins compatible for Editor in 0.68 ms, found 1 plugins.
Preloading 0 native plugins for Editor in 0.00 ms.
Unloading 2667 Unused Serialized files (Serialized files now loaded: 0)
System memory in use before: 102.7 MB.
System memory in use after: 102.9 MB.

Unloading 10 unused Assets to reduce memory usage. Loaded Objects now: 3219.
Total: 3.523300 ms (FindLiveObjects: 0.403000 ms CreateObjectMapping: 0.240800 ms MarkObjects: 2.802600 ms  DeleteObjects: 0.074600 ms)

AssetImportParameters requested are different than current active one (requested -> active):
  custom:graphics/normal-map-encoding: 01000000000000000000000000000000 -> 02000000000000000000000000000000
========================================================================
Received Prepare
Registering precompiled user dll's ...
Registered in 0.004492 seconds.
Begin MonoManager ReloadAssembly
Native extension for WindowsStandalone target not found
Refreshing native plugins compatible for Editor in 0.77 ms, found 1 plugins.
Preloading 0 native plugins for Editor in 0.00 ms.
Mono: successfully reloaded assembly
- Completed reload, in  1.914 seconds
Platform modules already initialized, skipping
Switching build target platform(19) subTarget(0) extendedPlatform(0) -> platform(13) subTarget(537395200) extendedPlatform(0)
Refreshing native plugins compatible for Editor in 0.75 ms, found 1 plugins.
Preloading 0 native plugins for Editor in 0.00 ms.
Unloading 2667 Unused Serialized files (Serialized files now loaded: 0)
System memory in use before: 102.7 MB.
System memory in use after: 102.9 MB.

Unloading 10 unused Assets to reduce memory usage. Loaded Objects now: 3222.
Total: 3.511900 ms (FindLiveObjects: 0.357900 ms CreateObjectMapping: 0.235700 ms MarkObjects: 2.844200 ms  DeleteObjects: 0.072900 ms)

AssetImportParameters requested are different than current active one (requested -> active):
  custom:graphics/normal-map-encoding: 01000000000000000000000000000000 -> 02000000000000000000000000000000
========================================================================
Received Prepare
Registering precompiled user dll's ...
Registered in 0.007548 seconds.
Begin MonoManager ReloadAssembly
Native extension for WindowsStandalone target not found
Refreshing native plugins compatible for Editor in 0.91 ms, found 1 plugins.
Preloading 0 native plugins for Editor in 0.00 ms.
Mono: successfully reloaded assembly
- Completed reload, in  2.554 seconds
Platform modules already initialized, skipping
Switching build target platform(19) subTarget(0) extendedPlatform(0) -> platform(13) subTarget(537395200) extendedPlatform(0)
Refreshing native plugins compatible for Editor in 0.70 ms, found 1 plugins.
Preloading 0 native plugins for Editor in 0.00 ms.
Unloading 2714 Unused Serialized files (Serialized files now loaded: 0)
System memory in use before: 105.7 MB.
System memory in use after: 105.2 MB.

Unloading 23 unused Assets to reduce memory usage. Loaded Objects now: 3259.
Total: 4.275600 ms (FindLiveObjects: 0.465000 ms CreateObjectMapping: 0.305300 ms MarkObjects: 3.145400 ms  DeleteObjects: 0.358000 ms)

AssetImportParameters requested are different than current active one (requested -> active):
  custom:graphics/normal-map-encoding: 01000000000000000000000000000000 -> 02000000000000000000000000000000
========================================================================
Received Import Request.
  Time since last request: 5207.440161 seconds.
  path: Assets/Shader
  artifactKey: Guid(70c345f1b364bfe44b29626e2e678e7f) Importer(815301076,1909f56bfc062723c751e8b465ee728b)
Start importing Assets/Shader using Guid(70c345f1b364bfe44b29626e2e678e7f) Importer(815301076,1909f56bfc062723c751e8b465ee728b)  -> (artifact id: '87970559a317d48a8668dc5f8e2b53bb') in 0.011743 seconds 
========================================================================
Received Import Request.
  Time since last request: 115.158492 seconds.
  path: Assets/Shader/Gradient.shader
  artifactKey: Guid(51c7fa200a24d2f4ab45d9709a45c0bd) Importer(815301076,1909f56bfc062723c751e8b465ee728b)
Start importing Assets/Shader/Gradient.shader using Guid(51c7fa200a24d2f4ab45d9709a45c0bd) Importer(815301076,1909f56bfc062723c751e8b465ee728b)  -> (artifact id: '2fde5e00a684f4987ea297f12480e9e0') in 0.026635 seconds 
========================================================================
Received Prepare
Registering precompiled user dll's ...
Registered in 0.004892 seconds.
Begin MonoManager ReloadAssembly
Native extension for WindowsStandalone target not found
Refreshing native plugins compatible for Editor in 1.09 ms, found 1 plugins.
Preloading 0 native plugins for Editor in 0.00 ms.
Mono: successfully reloaded assembly
- Completed reload, in  1.814 seconds
Platform modules already initialized, skipping
Switching build target platform(19) subTarget(0) extendedPlatform(0) -> platform(13) subTarget(537395200) extendedPlatform(0)
Refreshing native plugins compatible for Editor in 0.81 ms, found 1 plugins.
Preloading 0 native plugins for Editor in 0.00 ms.
Unloading 2715 Unused Serialized files (Serialized files now loaded: 0)
System memory in use before: 106.5 MB.
System memory in use after: 105.7 MB.

Unloading 24 unused Assets to reduce memory usage. Loaded Objects now: 3263.
Total: 4.176800 ms (FindLiveObjects: 0.392700 ms CreateObjectMapping: 0.217200 ms MarkObjects: 2.888900 ms  DeleteObjects: 0.676600 ms)

AssetImportParameters requested are different than current active one (requested -> active):
  custom:graphics/normal-map-encoding: 01000000000000000000000000000000 -> 02000000000000000000000000000000
========================================================================
Received Import Request.
  Time since last request: 316.796386 seconds.
  path: Assets/Materials/backGroundLevelOneMat.mat
  artifactKey: Guid(d3c6de7afa8f18742a18f72c6d4300d0) Importer(815301076,1909f56bfc062723c751e8b465ee728b)
Start importing Assets/Materials/backGroundLevelOneMat.mat using Guid(d3c6de7afa8f18742a18f72c6d4300d0) Importer(815301076,1909f56bfc062723c751e8b465ee728b)  -> (artifact id: '54583ecdeae54a9b49b40ef8e15f1594') in 0.097234 seconds 
========================================================================
Received Import Request.
  Time since last request: 110.077712 seconds.
  path: Assets/Materials/backGroundLevelOneMat.mat
  artifactKey: Guid(d3c6de7afa8f18742a18f72c6d4300d0) Importer(815301076,1909f56bfc062723c751e8b465ee728b)
Start importing Assets/Materials/backGroundLevelOneMat.mat using Guid(d3c6de7afa8f18742a18f72c6d4300d0) Importer(815301076,1909f56bfc062723c751e8b465ee728b)  -> (artifact id: 'b2e5220aa976db25b2db40c4d15ee03c') in 0.431290 seconds 
========================================================================
Received Import Request.
  Time since last request: 86.425477 seconds.
  path: Assets/Materials/backGroundLevelTwoMat.mat
  artifactKey: Guid(571e5306a7abe9a4c9458e0c6291ab24) Importer(815301076,1909f56bfc062723c751e8b465ee728b)
Start importing Assets/Materials/backGroundLevelTwoMat.mat using Guid(571e5306a7abe9a4c9458e0c6291ab24) Importer(815301076,1909f56bfc062723c751e8b465ee728b)  -> (artifact id: '4f66de6442dab69a3cc190642913e867') in 0.016909 seconds 
========================================================================
Received Import Request.
  Time since last request: 22.877434 seconds.
  path: Assets/Prefabs/Ball.prefab
  artifactKey: Guid(827fdfa7b8c71d143b1122b800cb8137) Importer(815301076,1909f56bfc062723c751e8b465ee728b)
Start importing Assets/Prefabs/Ball.prefab using Guid(827fdfa7b8c71d143b1122b800cb8137) Importer(815301076,1909f56bfc062723c751e8b465ee728b)  -> (artifact id: 'de0751da88f18db2b43728818a6ee9ea') in 0.038909 seconds 
========================================================================
Received Import Request.
  Time since last request: 18.667887 seconds.
  path: Assets/Scenes/level1.unity
  artifactKey: Guid(9fc0d4010bbf28b4594072e72b8655ab) Importer(815301076,1909f56bfc062723c751e8b465ee728b)
Start importing Assets/Scenes/level1.unity using Guid(9fc0d4010bbf28b4594072e72b8655ab) Importer(815301076,1909f56bfc062723c751e8b465ee728b)  -> (artifact id: 'd8b8394bf795f7b7231941a3a55c731d') in 0.003487 seconds 
========================================================================
Received Import Request.
  Time since last request: 0.806453 seconds.
  path: Assets/Scenes/level1 1.unity
  artifactKey: Guid(b943f76f4d599724cadf1e387fdb80ef) Importer(815301076,1909f56bfc062723c751e8b465ee728b)
Start importing Assets/Scenes/level1 1.unity using Guid(b943f76f4d599724cadf1e387fdb80ef) Importer(815301076,1909f56bfc062723c751e8b465ee728b)  -> (artifact id: 'dfe9f179c9f19f76b18f878a03924086') in 0.005539 seconds 
========================================================================
Received Import Request.
  Time since last request: 9.658840 seconds.
  path: Assets/Scenes/level2.unity
  artifactKey: Guid(b943f76f4d599724cadf1e387fdb80ef) Importer(815301076,1909f56bfc062723c751e8b465ee728b)
Start importing Assets/Scenes/level2.unity using Guid(b943f76f4d599724cadf1e387fdb80ef) Importer(815301076,1909f56bfc062723c751e8b465ee728b)  -> (artifact id: 'b9ee711fe6579f62a6df44b2e3cbceb1') in 0.003087 seconds 
========================================================================
Received Import Request.
  Time since last request: 13.359181 seconds.
  path: Assets/Scenes/level1.unity
  artifactKey: Guid(9fc0d4010bbf28b4594072e72b8655ab) Importer(815301076,1909f56bfc062723c751e8b465ee728b)
Start importing Assets/Scenes/level1.unity using Guid(9fc0d4010bbf28b4594072e72b8655ab) Importer(815301076,1909f56bfc062723c751e8b465ee728b)  -> (artifact id: '0861900c16af48760d2e94bffebb4d52') in 0.002694 seconds 
========================================================================
Received Import Request.
  Time since last request: 1.002119 seconds.
  path: Assets/Scenes/level2.unity
  artifactKey: Guid(b943f76f4d599724cadf1e387fdb80ef) Importer(815301076,1909f56bfc062723c751e8b465ee728b)
Start importing Assets/Scenes/level2.unity using Guid(b943f76f4d599724cadf1e387fdb80ef) Importer(815301076,1909f56bfc062723c751e8b465ee728b)  -> (artifact id: 'bd177e7e06f77986c2e699f894d6aabd') in 0.002915 seconds 
========================================================================
Received Import Request.
  Time since last request: 26.769267 seconds.
  path: Assets/Scenes/level2.unity
  artifactKey: Guid(b943f76f4d599724cadf1e387fdb80ef) Importer(815301076,1909f56bfc062723c751e8b465ee728b)
Start importing Assets/Scenes/level2.unity using Guid(b943f76f4d599724cadf1e387fdb80ef) Importer(815301076,1909f56bfc062723c751e8b465ee728b)  -> (artifact id: 'b577ee8dd7a57b9c5a3767dbb12c3994') in 0.003599 seconds 
========================================================================
Received Prepare
Registering precompiled user dll's ...
Registered in 0.004938 seconds.
Begin MonoManager ReloadAssembly
Native extension for WindowsStandalone target not found
Refreshing native plugins compatible for Editor in 1.21 ms, found 1 plugins.
Preloading 0 native plugins for Editor in 0.00 ms.
Mono: successfully reloaded assembly
- Completed reload, in  2.132 seconds
Platform modules already initialized, skipping
Switching build target platform(19) subTarget(0) extendedPlatform(0) -> platform(13) subTarget(537395200) extendedPlatform(0)
Refreshing native plugins compatible for Editor in 1.01 ms, found 1 plugins.
Preloading 0 native plugins for Editor in 0.00 ms.
Unloading 2715 Unused Serialized files (Serialized files now loaded: 0)
System memory in use before: 106.6 MB.
System memory in use after: 106.2 MB.

Unloading 24 unused Assets to reduce memory usage. Loaded Objects now: 3269.
Total: 5.438000 ms (FindLiveObjects: 0.471100 ms CreateObjectMapping: 0.264800 ms MarkObjects: 4.145600 ms  DeleteObjects: 0.553500 ms)

AssetImportParameters requested are different than current active one (requested -> active):
  custom:graphics/normal-map-encoding: 01000000000000000000000000000000 -> 02000000000000000000000000000000
========================================================================
Received Prepare
Registering precompiled user dll's ...
Registered in 0.005012 seconds.
Begin MonoManager ReloadAssembly
Native extension for WindowsStandalone target not found
Refreshing native plugins compatible for Editor in 0.78 ms, found 1 plugins.
Preloading 0 native plugins for Editor in 0.00 ms.
Mono: successfully reloaded assembly
- Completed reload, in  1.699 seconds
Platform modules already initialized, skipping
Switching build target platform(19) subTarget(0) extendedPlatform(0) -> platform(13) subTarget(537395200) extendedPlatform(0)
Refreshing native plugins compatible for Editor in 0.77 ms, found 1 plugins.
Preloading 0 native plugins for Editor in 0.00 ms.
Unloading 2714 Unused Serialized files (Serialized files now loaded: 0)
System memory in use before: 106.5 MB.
System memory in use after: 106.1 MB.

Unloading 23 unused Assets to reduce memory usage. Loaded Objects now: 3272.
Total: 3.536600 ms (FindLiveObjects: 0.359700 ms CreateObjectMapping: 0.199500 ms MarkObjects: 2.593300 ms  DeleteObjects: 0.382900 ms)

AssetImportParameters requested are different than current active one (requested -> active):
  custom:graphics/normal-map-encoding: 01000000000000000000000000000000 -> 02000000000000000000000000000000
========================================================================
Received Import Request.
  Time since last request: 1408.085222 seconds.
  path: Assets/Prefabs/Ball.prefab
  artifactKey: Guid(827fdfa7b8c71d143b1122b800cb8137) Importer(815301076,1909f56bfc062723c751e8b465ee728b)
Start importing Assets/Prefabs/Ball.prefab using Guid(827fdfa7b8c71d143b1122b800cb8137) Importer(815301076,1909f56bfc062723c751e8b465ee728b)  -> (artifact id: '188a1419a25462b8d61fe7d68376f984') in 0.085852 seconds 
========================================================================
Received Prepare
Registering precompiled user dll's ...
Registered in 0.009248 seconds.
Begin MonoManager ReloadAssembly
Native extension for WindowsStandalone target not found
Refreshing native plugins compatible for Editor in 0.83 ms, found 1 plugins.
Preloading 0 native plugins for Editor in 0.00 ms.
Mono: successfully reloaded assembly
- Completed reload, in  3.235 seconds
Platform modules already initialized, skipping
Switching build target platform(19) subTarget(0) extendedPlatform(0) -> platform(13) subTarget(537395200) extendedPlatform(0)
Refreshing native plugins compatible for Editor in 1.68 ms, found 1 plugins.
Preloading 0 native plugins for Editor in 0.00 ms.
Unloading 2714 Unused Serialized files (Serialized files now loaded: 0)
System memory in use before: 106.5 MB.
System memory in use after: 106.1 MB.

Unloading 24 unused Assets to reduce memory usage. Loaded Objects now: 3276.
Total: 4.918400 ms (FindLiveObjects: 0.457300 ms CreateObjectMapping: 0.298600 ms MarkObjects: 3.588900 ms  DeleteObjects: 0.572200 ms)

AssetImportParameters requested are different than current active one (requested -> active):
  custom:graphics/normal-map-encoding: 01000000000000000000000000000000 -> 02000000000000000000000000000000
========================================================================
Received Prepare
Registering precompiled user dll's ...
Registered in 0.005115 seconds.
Begin MonoManager ReloadAssembly
Native extension for WindowsStandalone target not found
Refreshing native plugins compatible for Editor in 0.89 ms, found 1 plugins.
Preloading 0 native plugins for Editor in 0.00 ms.
Mono: successfully reloaded assembly
- Completed reload, in  2.183 seconds
Platform modules already initialized, skipping
Switching build target platform(19) subTarget(0) extendedPlatform(0) -> platform(13) subTarget(537395200) extendedPlatform(0)
Refreshing native plugins compatible for Editor in 0.88 ms, found 1 plugins.
Preloading 0 native plugins for Editor in 0.00 ms.
Unloading 2714 Unused Serialized files (Serialized files now loaded: 0)
System memory in use before: 106.5 MB.
System memory in use after: 106.1 MB.

Unloading 23 unused Assets to reduce memory usage. Loaded Objects now: 3279.
Total: 4.726100 ms (FindLiveObjects: 0.399600 ms CreateObjectMapping: 0.275000 ms MarkObjects: 3.560500 ms  DeleteObjects: 0.489000 ms)

AssetImportParameters requested are different than current active one (requested -> active):
  custom:graphics/normal-map-encoding: 01000000000000000000000000000000 -> 02000000000000000000000000000000
========================================================================
Received Import Request.
  Time since last request: 200.497388 seconds.
  path: Assets/Scenes/level2.unity
  artifactKey: Guid(b943f76f4d599724cadf1e387fdb80ef) Importer(815301076,1909f56bfc062723c751e8b465ee728b)
Start importing Assets/Scenes/level2.unity using Guid(b943f76f4d599724cadf1e387fdb80ef) Importer(815301076,1909f56bfc062723c751e8b465ee728b)  -> (artifact id: 'd58da33c065fd57fd79ea23c0b421839') in 0.019339 seconds 
========================================================================
Received Prepare
Registering precompiled user dll's ...
Registered in 0.006010 seconds.
Begin MonoManager ReloadAssembly
Native extension for WindowsStandalone target not found
Refreshing native plugins compatible for Editor in 1.67 ms, found 1 plugins.
Preloading 0 native plugins for Editor in 0.00 ms.
Mono: successfully reloaded assembly
- Completed reload, in  9.194 seconds
Platform modules already initialized, skipping
Switching build target platform(19) subTarget(0) extendedPlatform(0) -> platform(13) subTarget(537395200) extendedPlatform(0)
Refreshing native plugins compatible for Editor in 1.38 ms, found 1 plugins.
Preloading 0 native plugins for Editor in 0.00 ms.
Unloading 2714 Unused Serialized files (Serialized files now loaded: 0)
System memory in use before: 106.6 MB.
System memory in use after: 106.1 MB.

Unloading 23 unused Assets to reduce memory usage. Loaded Objects now: 3282.
Total: 9.089700 ms (FindLiveObjects: 0.699300 ms CreateObjectMapping: 0.743500 ms MarkObjects: 6.701700 ms  DeleteObjects: 0.941500 ms)

AssetImportParameters requested are different than current active one (requested -> active):
  custom:graphics/normal-map-encoding: 01000000000000000000000000000000 -> 02000000000000000000000000000000
AssetImportWorkerClient::OnTransportError - code=2 error=End of file
